<?xml version="1.0" encoding="UTF-8"?>
<testsuite xmlns:xsi="http://www.w3.org/2001/XMLSchema-instance" xsi:noNamespaceSchemaLocation="https://maven.apache.org/surefire/maven-surefire-plugin/xsd/surefire-test-report-3.0.xsd" version="3.0" name="com.bajaj.health.bfhl.controller.BfhlControllerTest" time="3.935" tests="3" errors="0" skipped="0" failures="0">
  <properties>
[...]
</properties>
  <testcase name="testPostBfhlEndpointSuccessResponse" classname="com.bajaj.health.bfhl.controller.BfhlControllerTest" time="0.827">
    <system-out><![CDATA[15:51:21.062 [main] INFO org.springframework.test.context.support.AnnotationConfigContextLoaderUtils -- Could not detect default configuration classes for test class [com.bajaj.health.bfhl.controller.BfhlControllerTest]: BfhlControllerTest does not declare any static, non-private, non-final, nested classes annotated with @Configuration.
15:51:21.239 [main] INFO org.springframework.boot.test.context.SpringBootTestContextBootstrapper -- Found @SpringBootConfiguration com.bajaj.health.bfhl.BfhlApplication for test class com.bajaj.health.bfhl.controller.BfhlControllerTest

  .   ____          _            __ _ _
 /\\ / ___'_ __ _ _(_)_ __  __ _ \ \ \ \
( ( )\___ | '_ | '_| | '_ \/ _` | \ \ \ \
 \\/  ___)| |_)| | | | | || (_| |  ) ) ) )
  '  |____| .__|_| |_|_| |_\__, | / / / /
 =========|_|==============|___/=/_/_/_/

 :: Spring Boot ::                (v3.3.5)

2026-05-26 15:51:21.673 [main] INFO  c.b.h.b.c.BfhlControllerTest - Starting BfhlControllerTest using Java 24.0.2 with PID 10948 (started by ASUS in C:\Users\ASUS\OneDrive\Desktop\BAJAJ)
2026-05-26 15:51:21.674 [main] DEBUG c.b.h.b.c.BfhlControllerTest - Running with Spring Boot v3.3.5, Spring v6.1.14
2026-05-26 15:51:21.675 [main] INFO  c.b.h.b.c.BfhlControllerTest - No active profile set, falling back to 1 default profile: "default"
2026-05-26 15:51:23.840 [main] INFO  o.s.b.t.m.w.SpringBootMockServletContext - Initializing Spring TestDispatcherServlet ''
2026-05-26 15:51:23.841 [main] INFO  o.s.t.w.s.TestDispatcherServlet - Initializing Servlet ''
2026-05-26 15:51:23.844 [main] INFO  o.s.t.w.s.TestDispatcherServlet - Completed initialization in 2 ms
2026-05-26 15:51:23.915 [main] INFO  c.b.h.b.c.BfhlControllerTest - Started BfhlControllerTest in 2.593 seconds (process running for 3.514)
2026-05-26 15:51:24.593 [main] INFO  c.b.h.bfhl.controller.BfhlController - Received POST /bfhl
]]></system-out>
    <system-err><![CDATA[WARNING: A Java agent has been loaded dynamically (C:\Users\ASUS\.m2\repository\net\bytebuddy\byte-buddy-agent\1.14.19\byte-buddy-agent-1.14.19.jar)
WARNING: If a serviceability tool is in use, please run with -XX:+EnableDynamicAgentLoading to hide this warning
WARNING: If a serviceability tool is not in use, please run with -Djdk.instrument.traceUsage for more information
WARNING: Dynamic loading of agents will be disallowed by default in a future release
]]></system-err>
  </testcase>
  <testcase name="testPostBfhlEndpointThrowsExceptionGracefulHandling" classname="com.bajaj.health.bfhl.controller.BfhlControllerTest" time="0.038">
    <system-out><![CDATA[2026-05-26 15:51:24.805 [main] INFO  c.b.h.bfhl.controller.BfhlController - Received POST /bfhl
2026-05-26 15:51:24.813 [main] ERROR c.b.h.b.e.GlobalExceptionHandler - BfhlException: Invalid empty data list provided
]]></system-out>
  </testcase>
  <testcase name="testGetBfhlEndpointSuccessResponse" classname="com.bajaj.health.bfhl.controller.BfhlControllerTest" time="0.028"/>
</testsuite>