<?xml version="1.0" encoding="UTF-8"?>
<testsuite xmlns:xsi="http://www.w3.org/2001/XMLSchema-instance" xsi:noNamespaceSchemaLocation="https://maven.apache.org/surefire/maven-surefire-plugin/xsd/surefire-test-report-3.0.xsd" version="3.0" name="com.bajaj.health.bfhl.service.impl.BfhlServiceImplTest" time="0.047" tests="6" errors="0" skipped="0" failures="0">
  <properties>
[...]
</properties>
  <testcase name="testNullDataListThrowsValidationException" classname="com.bajaj.health.bfhl.service.impl.BfhlServiceImplTest" time="0.012">
    <system-out><![CDATA[2026-05-26 15:24:17.630 [main] WARN  c.b.h.b.service.impl.BfhlServiceImpl - Invalid payload received: request or data field is null
]]></system-out>
  </testcase>
  <testcase name="testEmptyPayloadDoesNotFail" classname="com.bajaj.health.bfhl.service.impl.BfhlServiceImplTest" time="0.007">
    <system-out><![CDATA[2026-05-26 15:24:17.634 [main] INFO  c.b.h.b.service.impl.BfhlServiceImpl - Processing payload with 0 input elements
2026-05-26 15:24:17.634 [main] INFO  c.b.h.b.service.impl.BfhlServiceImpl - Successfully processed elements. Even: 0, Odd: 0, Alphabets: 0, Specials: 0
2026-05-26 15:24:17.634 [main] DEBUG c.b.h.b.service.impl.BfhlServiceImpl - Computed sum: 0, generated alternating cap sequence: 
]]></system-out>
  </testcase>
  <testcase name="testComplexConcatStringReversalAndCaps" classname="com.bajaj.health.bfhl.service.impl.BfhlServiceImplTest" time="0.003">
    <system-out><![CDATA[2026-05-26 15:24:17.643 [main] INFO  c.b.h.b.service.impl.BfhlServiceImpl - Processing payload with 3 input elements
2026-05-26 15:24:17.644 [main] INFO  c.b.h.b.service.impl.BfhlServiceImpl - Successfully processed elements. Even: 0, Odd: 0, Alphabets: 3, Specials: 0
2026-05-26 15:24:17.644 [main] DEBUG c.b.h.b.service.impl.BfhlServiceImpl - Computed sum: 0, generated alternating cap sequence: EoDdCbAa
]]></system-out>
  </testcase>
  <testcase name="testSuccessfulProcessingWithStandardPayload" classname="com.bajaj.health.bfhl.service.impl.BfhlServiceImplTest" time="0.007">
    <system-out><![CDATA[2026-05-26 15:24:17.647 [main] INFO  c.b.h.b.service.impl.BfhlServiceImpl - Processing payload with 6 input elements
2026-05-26 15:24:17.652 [main] INFO  c.b.h.b.service.impl.BfhlServiceImpl - Successfully processed elements. Even: 2, Odd: 1, Alphabets: 2, Specials: 1
2026-05-26 15:24:17.652 [main] DEBUG c.b.h.b.service.impl.BfhlServiceImpl - Computed sum: 339, generated alternating cap sequence: Ra
]]></system-out>
  </testcase>
  <testcase name="testNullPayloadThrowsValidationException" classname="com.bajaj.health.bfhl.service.impl.BfhlServiceImplTest" time="0.003">
    <system-out><![CDATA[2026-05-26 15:24:17.656 [main] WARN  c.b.h.b.service.impl.BfhlServiceImpl - Invalid payload received: request or data field is null
]]></system-out>
  </testcase>
  <testcase name="testLargeNumbersDoNotOverflowSum" classname="com.bajaj.health.bfhl.service.impl.BfhlServiceImplTest" time="0.004">
    <system-out><![CDATA[2026-05-26 15:24:17.661 [main] INFO  c.b.h.b.service.impl.BfhlServiceImpl - Processing payload with 2 input elements
2026-05-26 15:24:17.662 [main] INFO  c.b.h.b.service.impl.BfhlServiceImpl - Successfully processed elements. Even: 0, Odd: 2, Alphabets: 0, Specials: 0
2026-05-26 15:24:17.662 [main] DEBUG c.b.h.b.service.impl.BfhlServiceImpl - Computed sum: 1000000000000000000, generated alternating cap sequence: 
]]></system-out>
  </testcase>
</testsuite>